#
# A fatal error has been detected by the Java Runtime Environment:
#
#  Internal Error (javaClasses.cpp:126), pid=4764, tid=4400
#  fatal error: Invalid layout of preloaded class
#
# JRE version:  (8.0_25-b18) (build )
# Java VM: Java HotSpot(TM) Client VM (25.25-b02 mixed mode windows-x86 )
# Failed to write core dump. Minidumps are not enabled by default on client versions of Windows
#
# If you would like to submit a bug report, please visit:
#   http://bugreport.sun.com/bugreport/crash.jsp
#

---------------  T H R E A D  ---------------

Current thread (0x0027c400):  JavaThread "Unknown thread" [_thread_in_vm, id=4400, stack(0x00d50000,0x00da0000)]

Stack: [0x00d50000,0x00da0000],  sp=0x00d9f6f8,  free space=317k
Native frames: (J=compiled Java code, j=interpreted, Vv=VM code, C=native code)
V  [jvm.dll+0x19796b]
V  [jvm.dll+0x1908e6]
V  [jvm.dll+0x3b4e9]
V  [jvm.dll+0x3b69e]
V  [jvm.dll+0x4a063]
V  [jvm.dll+0x9dc8e]
V  [jvm.dll+0x9df52]
V  [jvm.dll+0x145a01]
V  [jvm.dll+0x169ab8]
V  [jvm.dll+0xdaea1]
C  [javaw.exe+0x13e4]
C  [javaw.exe+0x1eb7]
C  [javaw.exe+0xaba1]
C  [javaw.exe+0xac2b]
C  [kernel32.dll+0x1337a]
C  [ntdll.dll+0x39f72]
C  [ntdll.dll+0x39f45]
C  0x00000000


---------------  P R O C E S S  ---------------

Java Threads: ( => current thread )

Other Threads:

=>0x0027c400 (exited) JavaThread "Unknown thread" [_thread_in_vm, id=4400, stack(0x00d50000,0x00da0000)]

VM state:not at safepoint (not fully initialized)

VM Mutex/Monitor currently owned by a thread: None

GC Heap History (0 events):
No events

Deoptimization events (0 events):
No events

Internal exceptions (0 events):
No events

Events (10 events):
Event: 0.347 loading class java/lang/CharSequence done
Event: 0.348 loading class java/lang/String done
Event: 0.348 loading class java/lang/Class
Event: 0.348 loading class java/lang/reflect/AnnotatedElement
Event: 0.348 loading class java/lang/reflect/AnnotatedElement done
Event: 0.348 loading class java/lang/reflect/GenericDeclaration
Event: 0.348 loading class java/lang/reflect/GenericDeclaration done
Event: 0.348 loading class java/lang/reflect/Type
Event: 0.348 loading class java/lang/reflect/Type done
Event: 0.348 loading class java/lang/Class done


Dynamic libraries:
0x00da0000 - 0x00dd0000 	C:\Program Files (x86)\Java\jre1.8.0_25\bin\javaw.exe
0x774f0000 - 0x77670000 	C:\Windows\SysWOW64\ntdll.dll
0x75b50000 - 0x75c60000 	C:\Windows\syswow64\kernel32.dll
0x75ec0000 - 0x75f07000 	C:\Windows\syswow64\KERNELBASE.dll
0x752a0000 - 0x75340000 	C:\Windows\syswow64\ADVAPI32.dll
0x74be0000 - 0x74c8c000 	C:\Windows\syswow64\msvcrt.dll
0x75790000 - 0x757a9000 	C:\Windows\SysWOW64\sechost.dll
0x74d00000 - 0x74df0000 	C:\Windows\syswow64\RPCRT4.dll
0x74b80000 - 0x74be0000 	C:\Windows\syswow64\SspiCli.dll
0x74b70000 - 0x74b7c000 	C:\Windows\syswow64\CRYPTBASE.dll
0x75a50000 - 0x75b50000 	C:\Windows\syswow64\USER32.dll
0x761b0000 - 0x76240000 	C:\Windows\syswow64\GDI32.dll
0x76170000 - 0x7617a000 	C:\Windows\syswow64\LPK.dll
0x75da0000 - 0x75e3d000 	C:\Windows\syswow64\USP10.dll
0x72f60000 - 0x730fe000 	C:\Windows\WinSxS\x86_microsoft.windows.common-controls_6595b64144ccf1df_6.0.7601.18837_none_41e855142bd5705d\COMCTL32.dll
0x756e0000 - 0x75737000 	C:\Windows\syswow64\SHLWAPI.dll
0x75f10000 - 0x75f70000 	C:\Windows\system32\IMM32.DLL
0x76060000 - 0x7612c000 	C:\Windows\syswow64\MSCTF.dll
0x66850000 - 0x6690f000 	C:\Program Files (x86)\Java\jre1.8.0_25\bin\msvcr100.dll
0x61190000 - 0x61534000 	C:\Program Files (x86)\Java\jre1.8.0_25\bin\client\jvm.dll
0x712f0000 - 0x712f7000 	C:\Windows\system32\WSOCK32.dll
0x75340000 - 0x75375000 	C:\Windows\syswow64\WS2_32.dll
0x75a40000 - 0x75a46000 	C:\Windows\syswow64\NSI.dll
0x756a0000 - 0x756d2000 	C:\Windows\syswow64\WINMM.dll
0x76160000 - 0x76165000 	C:\Windows\syswow64\PSAPI.DLL
0x6a820000 - 0x6a82c000 	C:\Program Files (x86)\Java\jre1.8.0_25\bin\verify.dll
0x67020000 - 0x67041000 	C:\Program Files (x86)\Java\jre1.8.0_25\bin\java.dll
0x6a420000 - 0x6a433000 	C:\Program Files (x86)\Java\jre1.8.0_25\bin\zip.dll
0x74250000 - 0x7433b000 	C:\Windows\system32\dbghelp.dll

VM Arguments:
jvm_args: -Dfile.encoding=UTF-8 -Xbootclasspath:D:\Android_Prog\android-sdk_r24.2\platforms\android-22\android.jar 
java_command: com.xinbo.utils.RegexValidateUtil
java_class_path (initial): E:\workspace\adt24.2\lib_yuchen0630\libs\lib_uil.jar;E:\workspace\adt24.2\lib_yuchen0630\libs\BmobSDK_V3.3.8_0521.jar;E:\workspace\adt24.2\lib_yuchen0630\libs\jpush-sdk-release1.7.3.jar;E:\workspace\adt24.2\lib_yuchen0630\libs\open_sdk.jar;E:\workspace\adt24.2\lib_yuchen0630\libs\ActiveAndroid-3.1.jar;E:\workspace\adt24.2\lib_yuchen0630\libs\android-support-v4.jar;E:\workspace\adt24.2\lib_yuchen0630\libs\Bmob_Push_V0.6beta_20150408.jar;E:\workspace\adt24.2\lib_yuchen0630\libs\lib_volley_new.jar;E:\workspace\adt24.2\lib_yuchen0630\libs\gson-2.2.4.jar;E:\workspace\adt24.2\lib_yuchen0630\libs\pinyin4j-2.5.0.jar;E:\workspace\adt24.2\lib_yuchen0630\libs\filechoose.jar;E:\workspace\adt24.2\appcompat_v7\libs\android-support-v7-appcompat.jar;E:\workspace\adt24.2\lib_yuchen0630\libs\mta-sdk-1.0.0.jar;E:\workspace\adt24.2\lib_yuchen0630\libs\weibosdkcore.jar;E:\workspace\adt24.2\appcompat_v7\bin\appcompat_v7.jar;E:\workspace\adt24.2\lib_SwitchButton\bin\lib_switchbutton.jar;E:\workspace\adt24.2\lib_yuchen0630\bin\classes
Launcher Type: SUN_STANDARD

Environment Variables:
PATH=C:/Program Files (x86)/Java/jdk1.8.0_25/bin/../jre/bin/client;C:/Program Files (x86)/Java/jdk1.8.0_25/bin/../jre/bin;C:/Program Files (x86)/Java/jdk1.8.0_25/bin/../jre/lib/i386;C:\Windows\system32;C:\Windows;C:\Windows\System32\Wbem;C:\Windows\System32\WindowsPowerShell\v1.0\;C:\Program Files (x86)\Java\jdk1.8.0_25\bin;D:\Android_Prog\android-sdk_r24.2\platform-tools;;D:\Android_Prog\eclipse-24.2;
USERNAME=Administrator
OS=Windows_NT
PROCESSOR_IDENTIFIER=Intel64 Family 6 Model 58 Stepping 9, GenuineIntel



---------------  S Y S T E M  ---------------

OS: Windows 7 , 64 bit Build 7601 Service Pack 1

CPU:total 2 (2 cores per cpu, 1 threads per core) family 6 model 58 stepping 9, cmov, cx8, fxsr, mmx, sse, sse2, sse3, ssse3, sse4.1, sse4.2, popcnt, clmul, erms, tsc, tscinvbit, tscinv

Memory: 4k page, physical 3888244k(595672k free), swap 7774624k(3998080k free)

vm_info: Java HotSpot(TM) Client VM (25.25-b02) for windows-x86 JRE (1.8.0_25-b18), built on Oct  7 2014 14:31:05 by "java_re" with MS VC++ 10.0 (VS2010)

time: Tue Jun 30 15:42:08 2015
elapsed time: 0 seconds (0d 0h 0m 0s)

